<?xml version="1.0" encoding="UTF-8"?>
<!-- Generated by org.testng.reporters.JUnitReportReporter -->
<testsuite hostname="QSYST-FZ1STL3" failures="0" tests="1" name="testdeclaration.testdeclarationAPI" time="0.353" errors="0" timestamp="2023-05-12T13:45:32 COT" skipped="0">
  <testcase classname="testdeclaration.testdeclarationAPI" name="APIvalidationCountry" time="0.353"/>
  <system-out/>
</testsuite> <!-- testdeclaration.testdeclarationAPI -->
