<?xml version="1.0" encoding="UTF-8"?>
<!-- Generated by org.testng.reporters.JUnitReportReporter -->
<testsuite hostname="QSYST-FZ1STL3" failures="0" tests="1" name="test.suiteAPI" time="1.552" errors="0" timestamp="2023-05-12T14:03:57 COT" skipped="0">
  <testcase classname="test.suiteAPI" name="APIvalidationCountry1" time="1.552"/>
  <system-out/>
</testsuite> <!-- test.suiteAPI -->
